Watching for file changes with StatReloader
"GET / HTTP/1.1" 200 13
"GET /about/ HTTP/1.1" 200 27
"GET / HTTP/1.1" 200 13
C:\Python_project\python_education\Django\myproject\myproject\settings.py changed, reloading.
Watching for file changes with StatReloader
C:\Python_project\python_education\Django\myproject\myproject\settings.py changed, reloading.
Watching for file changes with StatReloader
Error in about page: division by zero
Traceback (most recent call last):
  File "C:\Python_project\python_education\Django\myproject\myapp\views.py", line 16, in about
    result = 1 / 0
             ~~^~~
ZeroDivisionError: division by zero
"GET /about/ HTTP/1.1" 200 27
C:\Python_project\python_education\Django\myproject\myproject\settings.py changed, reloading.
INFO 2024-04-24 02:07:51,916 autoreload 17536 15092Watching for file changes with StatReloader
INFO 2024-04-24 02:08:07,934 views 17536 29368Index page accessed
INFO 2024-04-24 02:08:07,935 basehttp 17536 29368"GET / HTTP/1.1" 200 13
WARNING 2024-04-24 02:08:08,056 log 17536 29368Not Found: /favicon.ico
WARNING 2024-04-24 02:08:08,057 basehttp 17536 29368"GET /favicon.ico HTTP/1.1" 404 2441
ERROR 2024-04-24 02:08:13,174 views 17536 29368Error in about page: division by zero
Traceback (most recent call last):
  File "C:\Python_project\python_education\Django\myproject\myapp\views.py", line 16, in about
    result = 1 / 0
             ~~^~~
ZeroDivisionError: division by zero
INFO 2024-04-24 02:08:13,175 basehttp 17536 29368"GET /about/ HTTP/1.1" 200 27
INFO 2024-04-24 02:08:19,764 views 17536 29368Index page accessed
INFO 2024-04-24 02:08:19,765 basehttp 17536 29368"GET / HTTP/1.1" 200 13
INFO 2024-04-24 22:40:48,652 autoreload 17536 15092C:\Python_project\python_education\Django\myproject\myapp\views.py changed, reloading.
INFO 2024-04-24 22:40:50,515 autoreload 19576 5800Watching for file changes with StatReloader
INFO 2024-04-24 22:41:06,066 autoreload 19576 5800C:\Python_project\python_education\Django\myproject\myapp\views.py changed, reloading.
INFO 2024-04-24 22:41:06,450 autoreload 27328 16464Watching for file changes with StatReloader
INFO 2024-04-24 22:41:10,721 autoreload 27328 16464C:\Python_project\python_education\Django\myproject\myapp\views.py changed, reloading.
INFO 2024-04-24 22:41:11,132 autoreload 23028 10852Watching for file changes with StatReloader
INFO 2024-04-24 22:41:18,498 autoreload 23028 10852C:\Python_project\python_education\Django\myproject\myapp\views.py changed, reloading.
INFO 2024-04-24 22:41:18,942 autoreload 27268 18580Watching for file changes with StatReloader
INFO 2024-04-24 22:42:07,121 autoreload 27268 18580C:\Python_project\python_education\Django\myproject\myapp\views.py changed, reloading.
INFO 2024-04-24 22:42:07,518 autoreload 26696 31360Watching for file changes with StatReloader
INFO 2024-04-24 22:42:23,962 autoreload 26696 31360C:\Python_project\python_education\Django\myproject\myapp\views.py changed, reloading.
INFO 2024-04-24 22:42:24,394 autoreload 30316 9568Watching for file changes with StatReloader
INFO 2024-04-24 22:42:27,545 autoreload 30316 9568C:\Python_project\python_education\Django\myproject\myapp\views.py changed, reloading.
INFO 2024-04-24 22:42:27,896 autoreload 9116 16104Watching for file changes with StatReloader
INFO 2024-04-24 22:42:42,285 autoreload 9116 16104C:\Python_project\python_education\Django\myproject\myapp\views.py changed, reloading.
INFO 2024-04-24 22:42:42,684 autoreload 17472 6968Watching for file changes with StatReloader
INFO 2024-04-24 22:43:36,796 autoreload 17472 6968C:\Python_project\python_education\Django\myproject\myapp\views.py changed, reloading.
INFO 2024-04-24 22:43:37,207 autoreload 8444 23612Watching for file changes with StatReloader
INFO 2024-04-24 22:43:51,738 autoreload 8444 23612C:\Python_project\python_education\Django\myproject\myapp\views.py changed, reloading.
INFO 2024-04-24 22:43:52,154 autoreload 30092 12608Watching for file changes with StatReloader
INFO 2024-04-24 22:44:05,646 autoreload 30092 12608C:\Python_project\python_education\Django\myproject\myapp\views.py changed, reloading.
INFO 2024-04-24 22:44:06,038 autoreload 2964 2516Watching for file changes with StatReloader
INFO 2024-04-24 22:45:42,260 autoreload 2964 2516C:\Python_project\python_education\Django\myproject\myapp\views.py changed, reloading.
INFO 2024-04-24 22:45:42,648 autoreload 27192 6876Watching for file changes with StatReloader
INFO 2024-04-24 22:45:55,143 autoreload 27192 6876C:\Python_project\python_education\Django\myproject\myapp\views.py changed, reloading.
INFO 2024-04-24 22:45:55,542 autoreload 25836 27524Watching for file changes with StatReloader
INFO 2024-04-24 22:47:57,342 autoreload 25836 27524C:\Python_project\python_education\Django\myproject\myapp\views.py changed, reloading.
INFO 2024-04-24 22:47:57,744 autoreload 12984 22720Watching for file changes with StatReloader
INFO 2024-04-24 22:48:13,255 autoreload 12984 22720C:\Python_project\python_education\Django\myproject\myapp\views.py changed, reloading.
INFO 2024-04-24 22:48:13,638 autoreload 17896 28140Watching for file changes with StatReloader
INFO 2024-04-24 22:49:14,102 autoreload 17896 28140C:\Python_project\python_education\Django\myproject\myapp\urls.py changed, reloading.
INFO 2024-04-24 22:49:14,489 autoreload 23044 23880Watching for file changes with StatReloader
INFO 2024-04-24 22:50:11,860 autoreload 23044 23880C:\Python_project\python_education\Django\myproject\myapp\views.py changed, reloading.
INFO 2024-04-24 22:50:12,239 autoreload 24388 29652Watching for file changes with StatReloader
INFO 2024-04-24 22:51:19,886 autoreload 24388 29652C:\Python_project\python_education\Django\myproject\myapp\urls.py changed, reloading.
INFO 2024-04-24 22:51:20,292 autoreload 29644 15124Watching for file changes with StatReloader
INFO 2024-04-24 22:52:52,743 views 29644 29704Index page accessed
INFO 2024-04-24 22:52:52,744 basehttp 29644 29704"GET / HTTP/1.1" 200 13
WARNING 2024-04-24 22:52:52,989 log 29644 29704Not Found: /favicon.ico
WARNING 2024-04-24 22:52:52,989 basehttp 29644 29704"GET /favicon.ico HTTP/1.1" 404 2976
INFO 2024-04-24 22:52:59,680 basehttp 29644 29704"GET /cube HTTP/1.1" 301 0
INFO 2024-04-24 22:52:59,682 views 29644 21256Выпала одна из граней куба
INFO 2024-04-24 22:52:59,683 basehttp 29644 21256"GET /cube/ HTTP/1.1" 200 1
INFO 2024-04-24 22:53:03,550 views 29644 21256Выпала одна из граней куба
INFO 2024-04-24 22:53:03,550 basehttp 29644 21256"GET /cube/ HTTP/1.1" 200 1
INFO 2024-04-24 22:53:04,695 views 29644 21256Выпала одна из граней куба
INFO 2024-04-24 22:53:04,696 basehttp 29644 21256"GET /cube/ HTTP/1.1" 200 1
INFO 2024-04-24 22:53:05,341 views 29644 21256Выпала одна из граней куба
INFO 2024-04-24 22:53:05,342 basehttp 29644 21256"GET /cube/ HTTP/1.1" 200 1
INFO 2024-04-24 22:53:23,255 basehttp 29644 21256"GET /random_choice HTTP/1.1" 301 0
INFO 2024-04-24 22:53:23,257 views 29644 8552Сработала функция случайного числа
INFO 2024-04-24 22:53:23,257 basehttp 29644 8552"GET /random_choice/ HTTP/1.1" 200 2
INFO 2024-04-24 22:54:15,641 views 29644 4452Index page accessed
INFO 2024-04-24 22:54:15,642 basehttp 29644 4452"GET / HTTP/1.1" 200 13
WARNING 2024-04-24 22:54:15,733 log 29644 4452Not Found: /favicon.ico
WARNING 2024-04-24 22:54:15,734 basehttp 29644 4452"GET /favicon.ico HTTP/1.1" 404 2976
INFO 2024-04-24 22:54:20,561 basehttp 29644 4452"GET /heads_and_tails HTTP/1.1" 301 0
INFO 2024-04-24 22:54:20,563 views 29644 4684Сработала функция подбрасывании монеты
INFO 2024-04-24 22:54:20,564 basehttp 29644 4684"GET /heads_and_tails/ HTTP/1.1" 200 8
INFO 2024-04-24 22:54:22,559 views 29644 4684Сработала функция подбрасывании монеты
INFO 2024-04-24 22:54:22,560 basehttp 29644 4684"GET /heads_and_tails/ HTTP/1.1" 200 8
INFO 2024-04-24 22:54:23,501 views 29644 4684Сработала функция подбрасывании монеты
INFO 2024-04-24 22:54:23,502 basehttp 29644 4684"GET /heads_and_tails/ HTTP/1.1" 200 8
INFO 2024-04-24 22:54:24,239 views 29644 4684Сработала функция подбрасывании монеты
INFO 2024-04-24 22:54:24,240 basehttp 29644 4684"GET /heads_and_tails/ HTTP/1.1" 200 10
INFO 2024-04-24 23:32:17,402 autoreload 29644 15124C:\Python_project\python_education\Django\myproject\myapp\views.py changed, reloading.
INFO 2024-04-24 23:32:17,817 autoreload 19968 25056Watching for file changes with StatReloader
INFO 2024-04-24 23:36:41,972 autoreload 19968 25056C:\Python_project\python_education\Django\myproject\myapp\views.py changed, reloading.
INFO 2024-04-24 23:36:42,414 autoreload 17976 20856Watching for file changes with StatReloader
INFO 2024-04-24 23:36:42,581 views 17976 31540Index page accessed
INFO 2024-04-24 23:36:42,581 basehttp 17976 31540"GET / HTTP/1.1" 200 13
WARNING 2024-04-24 23:36:42,609 log 17976 31540Not Found: /favicon.ico
WARNING 2024-04-24 23:36:42,609 basehttp 17976 31540"GET /favicon.ico HTTP/1.1" 404 3141
INFO 2024-04-24 23:36:47,395 basehttp 17976 31540"GET /home HTTP/1.1" 301 0
INFO 2024-04-24 23:36:47,397 views 17976 26488Запустили главную  страницу home
INFO 2024-04-24 23:36:47,398 basehttp 17976 26488"GET /home/ HTTP/1.1" 200 115
INFO 2024-04-24 23:37:38,821 autoreload 17976 20856C:\Python_project\python_education\Django\myproject\myapp\views.py changed, reloading.
INFO 2024-04-24 23:37:39,477 autoreload 15468 12140Watching for file changes with StatReloader
INFO 2024-04-24 23:37:42,656 views 15468 24988Index page accessed
INFO 2024-04-24 23:37:42,657 basehttp 15468 24988"GET / HTTP/1.1" 200 13
WARNING 2024-04-24 23:37:44,830 log 15468 24988Not Found: /favicon.ico
WARNING 2024-04-24 23:37:44,831 basehttp 15468 24988"GET /favicon.ico HTTP/1.1" 404 3141
INFO 2024-04-24 23:38:06,365 views 15468 24988Запустили главную  страницу home
INFO 2024-04-24 23:38:06,366 basehttp 15468 24988"GET /home/ HTTP/1.1" 200 176
INFO 2024-04-24 23:42:30,246 autoreload 15468 12140C:\Python_project\python_education\Django\myproject\myapp\urls.py changed, reloading.
INFO 2024-04-24 23:42:30,661 autoreload 23968 15560Watching for file changes with StatReloader
INFO 2024-04-24 23:42:57,718 views 23968 29592Index page accessed
INFO 2024-04-24 23:42:57,719 basehttp 23968 29592"GET / HTTP/1.1" 200 13
WARNING 2024-04-24 23:42:57,821 log 23968 29592Not Found: /favicon.ico
WARNING 2024-04-24 23:42:57,822 basehttp 23968 29592"GET /favicon.ico HTTP/1.1" 404 3314
INFO 2024-04-24 23:43:05,887 basehttp 23968 29592"GET /about_me HTTP/1.1" 301 0
INFO 2024-04-24 23:43:05,889 views 23968 30388запустили страницу с информации обо мне about_me
INFO 2024-04-24 23:43:05,890 basehttp 23968 30388"GET /about_me/ HTTP/1.1" 200 339
INFO 2024-04-24 23:43:29,157 autoreload 23968 15560C:\Python_project\python_education\Django\myproject\myapp\views.py changed, reloading.
INFO 2024-04-24 23:43:29,551 autoreload 23820 3896Watching for file changes with StatReloader
INFO 2024-04-24 23:43:29,731 views 23820 24788запустили страницу с информации обо мне about_me
INFO 2024-04-24 23:43:29,732 basehttp 23820 24788"GET /about_me/ HTTP/1.1" 200 339
INFO 2024-04-24 23:43:30,545 views 23820 24788запустили страницу с информации обо мне about_me
INFO 2024-04-24 23:43:30,546 basehttp 23820 24788"GET /about_me/ HTTP/1.1" 200 339
INFO 2024-04-24 23:43:37,112 views 23820 31292Index page accessed
INFO 2024-04-24 23:43:37,113 basehttp 23820 31292"GET / HTTP/1.1" 200 13
WARNING 2024-04-24 23:43:37,210 log 23820 31292Not Found: /favicon.ico
WARNING 2024-04-24 23:43:37,210 basehttp 23820 31292"GET /favicon.ico HTTP/1.1" 404 3314
INFO 2024-04-24 23:43:45,326 views 23820 31292запустили страницу с информации обо мне about_me
INFO 2024-04-24 23:43:45,327 basehttp 23820 31292"GET /about_me/ HTTP/1.1" 200 339
INFO 2024-04-24 23:44:07,513 autoreload 23820 3896C:\Python_project\python_education\Django\myproject\myapp\views.py changed, reloading.
INFO 2024-04-24 23:44:07,910 autoreload 29384 21352Watching for file changes with StatReloader
INFO 2024-04-24 23:44:10,147 views 29384 19692Index page accessed
INFO 2024-04-24 23:44:10,148 basehttp 29384 19692"GET / HTTP/1.1" 200 13
WARNING 2024-04-24 23:44:10,248 log 29384 19692Not Found: /favicon.ico
WARNING 2024-04-24 23:44:10,253 basehttp 29384 19692"GET /favicon.ico HTTP/1.1" 404 3314
INFO 2024-04-24 23:44:16,254 views 29384 19692запустили страницу с информации обо мне about_me
INFO 2024-04-24 23:44:16,255 basehttp 29384 19692"GET /about_me/ HTTP/1.1" 200 341
